[start] 15:41:51 algo=TQC subtask='kettle' device=cpu time_budget=3600s
[hb]   step=   1000 elapsed=   1s
[hb]   step=   2000 elapsed=  29s
[hb]   step=   3000 elapsed=  56s
[hb]   step=   4000 elapsed=  85s
[hb]   step=   5000 elapsed= 112s
[eval] step=   5000 elapsed= 112s success_rate=0.00 mean_reward=+0.00
[hb]   step=   6000 elapsed= 139s
[hb]   step=   7000 elapsed= 163s
[hb]   step=   8000 elapsed= 187s
[hb]   step=   9000 elapsed= 214s
[hb]   step=  10000 elapsed= 239s
[eval] step=  10000 elapsed= 239s success_rate=0.00 mean_reward=+0.00
[hb]   step=  11000 elapsed= 265s
[hb]   step=  12000 elapsed= 290s
[hb]   step=  13000 elapsed= 316s
[hb]   step=  14000 elapsed= 342s
[hb]   step=  15000 elapsed= 367s
[eval] step=  15000 elapsed= 367s success_rate=0.00 mean_reward=+0.00
[hb]   step=  16000 elapsed= 393s
[hb]   step=  17000 elapsed= 418s
[hb]   step=  18000 elapsed= 443s
[hb]   step=  19000 elapsed= 468s
[hb]   step=  20000 elapsed= 495s
[eval] step=  20000 elapsed= 495s success_rate=0.00 mean_reward=+0.00
[hb]   step=  21000 elapsed= 525s
[hb]   step=  22000 elapsed= 553s
[hb]   step=  23000 elapsed= 582s
[hb]   step=  24000 elapsed= 610s
[hb]   step=  25000 elapsed= 641s
[eval] step=  25000 elapsed= 641s success_rate=0.00 mean_reward=+0.00
[hb]   step=  26000 elapsed= 671s
[hb]   step=  27000 elapsed= 700s
[hb]   step=  28000 elapsed= 728s
[hb]   step=  29000 elapsed= 757s
[hb]   step=  30000 elapsed= 785s
[eval] step=  30000 elapsed= 785s success_rate=1.00 mean_reward=+1.00 *NEW_BEST*
[hb]   step=  31000 elapsed= 816s
[hb]   step=  32000 elapsed= 845s
[hb]   step=  33000 elapsed= 873s
[hb]   step=  34000 elapsed= 900s
[hb]   step=  35000 elapsed= 928s
[eval] step=  35000 elapsed= 928s success_rate=1.00 mean_reward=+1.00
[stop] step=35000 elapsed=928s early-stop after 2 perfect evals; saved model_checkpoint.zip
