[start] 16:29:05 algo=TQC subtask='slide cabinet' device=cpu time_budget=3600s
[hb]   step=   1000 elapsed=   1s
[hb]   step=   2000 elapsed=  29s
[hb]   step=   3000 elapsed=  57s
[hb]   step=   4000 elapsed=  85s
[hb]   step=   5000 elapsed= 113s
[eval] step=   5000 elapsed= 113s success_rate=0.00 mean_reward=+0.00
[hb]   step=   6000 elapsed= 140s
[hb]   step=   7000 elapsed= 166s
[hb]   step=   8000 elapsed= 193s
[hb]   step=   9000 elapsed= 217s
[hb]   step=  10000 elapsed= 242s
[eval] step=  10000 elapsed= 242s success_rate=0.00 mean_reward=+0.00
[hb]   step=  11000 elapsed= 267s
[hb]   step=  12000 elapsed= 293s
[hb]   step=  13000 elapsed= 320s
[hb]   step=  14000 elapsed= 347s
[hb]   step=  15000 elapsed= 374s
[eval] step=  15000 elapsed= 374s success_rate=0.00 mean_reward=+0.00
[hb]   step=  16000 elapsed= 402s
[hb]   step=  17000 elapsed= 429s
[hb]   step=  18000 elapsed= 456s
[hb]   step=  19000 elapsed= 482s
[hb]   step=  20000 elapsed= 509s
[eval] step=  20000 elapsed= 509s success_rate=0.00 mean_reward=+0.00
[hb]   step=  21000 elapsed= 536s
[hb]   step=  22000 elapsed= 562s
[hb]   step=  23000 elapsed= 588s
[hb]   step=  24000 elapsed= 614s
[hb]   step=  25000 elapsed= 640s
[eval] step=  25000 elapsed= 640s success_rate=0.00 mean_reward=+0.00
[hb]   step=  26000 elapsed= 668s
[hb]   step=  27000 elapsed= 695s
[hb]   step=  28000 elapsed= 723s
[hb]   step=  29000 elapsed= 754s
[hb]   step=  30000 elapsed= 784s
[eval] step=  30000 elapsed= 784s success_rate=0.00 mean_reward=+0.00
[hb]   step=  31000 elapsed= 814s
[hb]   step=  32000 elapsed= 843s
[hb]   step=  33000 elapsed= 872s
[hb]   step=  34000 elapsed= 901s
[hb]   step=  35000 elapsed= 929s
[eval] step=  35000 elapsed= 929s success_rate=0.00 mean_reward=+0.00
[hb]   step=  36000 elapsed= 959s
[hb]   step=  37000 elapsed= 988s
[hb]   step=  38000 elapsed=1018s
[hb]   step=  39000 elapsed=1047s
[hb]   step=  40000 elapsed=1076s
[eval] step=  40000 elapsed=1076s success_rate=0.00 mean_reward=+0.00
[hb]   step=  41000 elapsed=1105s
[hb]   step=  42000 elapsed=1132s
[hb]   step=  43000 elapsed=1160s
[hb]   step=  44000 elapsed=1187s
[hb]   step=  45000 elapsed=1215s
[eval] step=  45000 elapsed=1215s success_rate=0.00 mean_reward=+0.00
[hb]   step=  46000 elapsed=1243s
[hb]   step=  47000 elapsed=1271s
[hb]   step=  48000 elapsed=1298s
[hb]   step=  49000 elapsed=1325s
[hb]   step=  50000 elapsed=1352s
[eval] step=  50000 elapsed=1352s success_rate=1.00 mean_reward=+1.00 *NEW_BEST*
[hb]   step=  51000 elapsed=1379s
[hb]   step=  52000 elapsed=1407s
[hb]   step=  53000 elapsed=1434s
[hb]   step=  54000 elapsed=1462s
[hb]   step=  55000 elapsed=1489s
[eval] step=  55000 elapsed=1489s success_rate=1.00 mean_reward=+1.00
[stop] step=55000 elapsed=1489s early-stop after 2 perfect evals; saved model_checkpoint.zip
