[start] 15:07:26 algo=TQC subtask='top burner' device=cpu time_budget=3600s
[hb]   step=   1000 elapsed=   1s
[hb]   step=   2000 elapsed=  29s
[hb]   step=   3000 elapsed=  57s
[hb]   step=   4000 elapsed=  85s
[hb]   step=   5000 elapsed= 114s
[eval] step=   5000 elapsed= 114s success_rate=0.00 mean_reward=+0.00
[hb]   step=   6000 elapsed= 142s
[hb]   step=   7000 elapsed= 166s
[hb]   step=   8000 elapsed= 190s
[hb]   step=   9000 elapsed= 213s
[hb]   step=  10000 elapsed= 238s
[eval] step=  10000 elapsed= 238s success_rate=0.00 mean_reward=+0.00
[hb]   step=  11000 elapsed= 264s
[hb]   step=  12000 elapsed= 289s
[hb]   step=  13000 elapsed= 314s
[hb]   step=  14000 elapsed= 339s
[hb]   step=  15000 elapsed= 364s
[eval] step=  15000 elapsed= 364s success_rate=0.00 mean_reward=+0.00
[hb]   step=  16000 elapsed= 390s
[hb]   step=  17000 elapsed= 415s
[hb]   step=  18000 elapsed= 439s
[hb]   step=  19000 elapsed= 464s
[hb]   step=  20000 elapsed= 489s
[eval] step=  20000 elapsed= 489s success_rate=0.00 mean_reward=+0.00
[hb]   step=  21000 elapsed= 516s
[hb]   step=  22000 elapsed= 541s
[hb]   step=  23000 elapsed= 565s
[hb]   step=  24000 elapsed= 590s
[hb]   step=  25000 elapsed= 614s
[eval] step=  25000 elapsed= 614s success_rate=0.67 mean_reward=+0.67 *NEW_BEST*
[hb]   step=  26000 elapsed= 642s
[hb]   step=  27000 elapsed= 667s
[hb]   step=  28000 elapsed= 693s
[hb]   step=  29000 elapsed= 720s
[hb]   step=  30000 elapsed= 746s
[eval] step=  30000 elapsed= 746s success_rate=0.33 mean_reward=+0.33
[hb]   step=  31000 elapsed= 772s
[hb]   step=  32000 elapsed= 796s
[hb]   step=  33000 elapsed= 822s
[hb]   step=  34000 elapsed= 846s
[hb]   step=  35000 elapsed= 870s
[eval] step=  35000 elapsed= 870s success_rate=0.67 mean_reward=+0.67
[hb]   step=  36000 elapsed= 896s
[hb]   step=  37000 elapsed= 923s
[hb]   step=  38000 elapsed= 948s
[hb]   step=  39000 elapsed= 973s
[hb]   step=  40000 elapsed=1004s
[eval] step=  40000 elapsed=1004s success_rate=0.33 mean_reward=+0.33
[hb]   step=  41000 elapsed=1032s
[hb]   step=  42000 elapsed=1059s
[hb]   step=  43000 elapsed=1086s
[hb]   step=  44000 elapsed=1112s
[hb]   step=  45000 elapsed=1140s
[eval] step=  45000 elapsed=1140s success_rate=1.00 mean_reward=+1.00 *NEW_BEST*
[hb]   step=  46000 elapsed=1167s
[hb]   step=  47000 elapsed=1195s
[hb]   step=  48000 elapsed=1222s
[hb]   step=  49000 elapsed=1248s
[hb]   step=  50000 elapsed=1276s
[eval] step=  50000 elapsed=1276s success_rate=0.00 mean_reward=+0.00
[hb]   step=  51000 elapsed=1307s
[hb]   step=  52000 elapsed=1338s
[hb]   step=  53000 elapsed=1368s
[hb]   step=  54000 elapsed=1398s
[hb]   step=  55000 elapsed=1427s
[eval] step=  55000 elapsed=1427s success_rate=0.67 mean_reward=+0.67
[hb]   step=  56000 elapsed=1457s
[hb]   step=  57000 elapsed=1484s
[hb]   step=  58000 elapsed=1509s
[hb]   step=  59000 elapsed=1535s
[hb]   step=  60000 elapsed=1561s
[eval] step=  60000 elapsed=1561s success_rate=1.00 mean_reward=+1.00
[hb]   step=  61000 elapsed=1588s
[hb]   step=  62000 elapsed=1616s
[hb]   step=  63000 elapsed=1641s
[hb]   step=  64000 elapsed=1668s
[hb]   step=  65000 elapsed=1694s
[eval] step=  65000 elapsed=1694s success_rate=1.00 mean_reward=+1.00
[stop] step=65000 elapsed=1694s early-stop after 2 perfect evals; saved model_checkpoint.zip
